<?xml version="1.0" encoding="UTF-8"?>
<!-- Generated by org.testng.reporters.JUnitXMLReporter -->
<testsuite hostname="DESKTOP-4VBBEJ4" ignored="0" name="Test" tests="4" failures="0" timestamp="2022-10-20T11:04:51 IST" time="20.39" errors="0">
  <testcase name="tc0" time="3.769" classname="org.login.Testing"/>
  <testcase name="tc2" time="8.855" classname="org.login.Testing"/>
  <testcase name="tc3" time="17.126" classname="org.login.Testing"/>
  <testcase name="tc1" time="20.353" classname="org.login.Testing"/>
</testsuite> <!-- Test -->
